<?xml version="1.0" encoding="UTF-8"?>
<!-- Generated by org.testng.reporters.JUnitReportReporter -->
<testsuite hostname="DESKTOP-BB6NM3K" failures="0" tests="2" name="campaign.Sampletest" time="0.176" errors="0" timestamp="2024-10-04T03:38:25 GMT-07:00" skipped="0">
  <testcase classname="campaign.Sampletest" name="m1" time="0.166"/>
  <system-out/>
  <testcase classname="campaign.Sampletest" name="m2" time="0.010"/>
  <system-out/>
</testsuite> <!-- campaign.Sampletest -->
